#
# There is insufficient memory for the Java Runtime Environment to continue.
# Native memory allocation (mmap) failed to map 134217728 bytes for G1 virtual space
# Possible reasons:
#   The system is out of physical RAM or swap space
#   The process is running with CompressedOops enabled, and the Java Heap may be blocking the growth of the native heap
# Possible solutions:
#   Reduce memory load on the system
#   Increase physical memory or swap space
#   Check if swap backing store is full
#   Decrease Java heap size (-Xmx/-Xms)
#   Decrease number of Java threads
#   Decrease Java thread stack sizes (-Xss)
#   Set larger code cache with -XX:ReservedCodeCacheSize=
#   JVM is running with Unscaled Compressed Oops mode in which the Java heap is
#     placed in the first 4GB address space. The Java Heap base address is the
#     maximum limit for the native heap growth. Please use -XX:HeapBaseMinAddress
#     to set the Java Heap base and to place the Java Heap above 4GB virtual address.
# This output file may be truncated or incomplete.
#
#  Out of Memory Error (os_windows.cpp:3613), pid=5856, tid=15772
#
# JRE version:  (17.0.9+9) (build )
# Java VM: OpenJDK 64-Bit Server VM (17.0.9+9, mixed mode, sharing, tiered, compressed oops, compressed class ptrs, g1 gc, windows-amd64)
# No core dump will be written. Minidumps are not enabled by default on client versions of Windows
#

---------------  S U M M A R Y ------------

Command Line: -Dfile.encoding=UTF-8 -Dstdout.encoding=UTF-8 -Dstderr.encoding=UTF-8 --module-path=C:\javaStudy\workspace\miniproject01\bin -XX:+ShowCodeDetailsInExceptionMessages -Djdk.module.main=miniproject01 miniproject01/miniproject01.PhoneApp

Host: Intel(R) Core(TM) i5-7500 CPU @ 3.40GHz, 4 cores, 7G,  Windows 10 , 64 bit Build 19041 (10.0.19041.3636)
Time: Thu Jan 18 16:41:12 2024  Windows 10 , 64 bit Build 19041 (10.0.19041.3636) elapsed time: 0.011634 seconds (0d 0h 0m 0s)

---------------  T H R E A D  ---------------

Current thread (0x000001817082b590):  JavaThread "Unknown thread" [_thread_in_vm, id=15772, stack(0x0000001249000000,0x0000001249100000)]

Stack: [0x0000001249000000,0x0000001249100000]
Native frames: (J=compiled Java code, j=interpreted, Vv=VM code, C=native code)
V  [jvm.dll+0x67cf49]
V  [jvm.dll+0x83478a]
V  [jvm.dll+0x83624e]
V  [jvm.dll+0x8368b3]
V  [jvm.dll+0x247f1f]
V  [jvm.dll+0x679d69]
V  [jvm.dll+0x66e6ba]
V  [jvm.dll+0x307e5b]
V  [jvm.dll+0x30f306]
V  [jvm.dll+0x35f0ce]
V  [jvm.dll+0x35f2ff]
V  [jvm.dll+0x2dea58]
V  [jvm.dll+0x2df9c4]
V  [jvm.dll+0x806031]
V  [jvm.dll+0x36cf31]
V  [jvm.dll+0x7e4aac]
V  [jvm.dll+0x3f07af]
V  [jvm.dll+0x3f23e1]
C  [jli.dll+0x528f]
C  [ucrtbase.dll+0x21bb2]
C  [KERNEL32.DLL+0x17344]
C  [ntdll.dll+0x526b1]


---------------  P R O C E S S  ---------------

Threads class SMR info:
_java_thread_list=0x00007ffb643fee98, length=0, elements={
}

Java Threads: ( => current thread )

Other Threads:
  0x0000018170885750 GCTaskThread "GC Thread#0" [stack: 0x0000001249100000,0x0000001249200000] [id=7780]
  0x0000018170896560 ConcurrentGCThread "G1 Main Marker" [stack: 0x0000001249200000,0x0000001249300000] [id=3200]
  0x0000018170897720 ConcurrentGCThread "G1 Conc#0" [stack: 0x0000001249300000,0x0000001249400000] [id=15952]

[error occurred during error reporting (printing all threads), id 0xc0000005, EXCEPTION_ACCESS_VIOLATION (0xc0000005) at pc=0x00007ffb63bbf497]

VM state: not at safepoint (not fully initialized)

VM Mutex/Monitor currently owned by a thread:  ([mutex/lock_event])
[0x0000018170824ac0] Heap_lock - owner thread: 0x000001817082b590

Heap address: 0x0000000080a00000, size: 2038 MB, Compressed Oops mode: 32-bit

CDS archive(s) mapped at: [0x0000000000000000-0x0000000000000000-0x0000000000000000), size 0, SharedBaseAddress: 0x0000000800000000, ArchiveRelocationMode: 1.
Narrow klass base: 0x0000000000000000, Narrow klass shift: 0, Narrow klass range: 0x0

GC Precious Log:
<Empty>

Heap:
 garbage-first heap   total 0K, used 0K [0x0000000080a00000, 0x0000000100000000)
  region size 1024K, 0 young (0K), 0 survivors (0K)

[error occurred during error reporting (printing heap information), id 0xc0000005, EXCEPTION_ACCESS_VIOLATION (0xc0000005) at pc=0x00007ffb63fa6c79]

GC Heap History (0 events):
No events

Dll operation events (1 events):
Event: 0.007 Loaded shared library C:\javaStudy\eclipse\plugins\org.eclipse.justj.openjdk.hotspot.jre.full.win32.x86_64_17.0.9.v20231028-0858\jre\bin\java.dll

Deoptimization events (0 events):
No events

Classes unloaded (0 events):
No events

Classes redefined (0 events):
No events

Internal exceptions (0 events):
No events

VM Operations (0 events):
No events

Events (0 events):
No events


Dynamic libraries:
0x00007ff731130000 - 0x00007ff73113e000 	C:\javaStudy\eclipse\plugins\org.eclipse.justj.openjdk.hotspot.jre.full.win32.x86_64_17.0.9.v20231028-0858\jre\bin\javaw.exe
0x00007ffbb61f0000 - 0x00007ffbb63e8000 	C:\Windows\SYSTEM32\ntdll.dll
0x00007ffbb48f0000 - 0x00007ffbb49ad000 	C:\Windows\System32\KERNEL32.DLL
0x00007ffbb3960000 - 0x00007ffbb3c56000 	C:\Windows\System32\KERNELBASE.dll
0x00007ffbb40f0000 - 0x00007ffbb41f0000 	C:\Windows\System32\ucrtbase.dll
0x00007ffba6120000 - 0x00007ffba613b000 	C:\javaStudy\eclipse\plugins\org.eclipse.justj.openjdk.hotspot.jre.full.win32.x86_64_17.0.9.v20231028-0858\jre\bin\VCRUNTIME140.dll
0x00007ffbad190000 - 0x00007ffbad1a7000 	C:\javaStudy\eclipse\plugins\org.eclipse.justj.openjdk.hotspot.jre.full.win32.x86_64_17.0.9.v20231028-0858\jre\bin\jli.dll
0x00007ffbb4a10000 - 0x00007ffbb4bae000 	C:\Windows\System32\USER32.dll
0x00007ffbb3c60000 - 0x00007ffbb3c82000 	C:\Windows\System32\win32u.dll
0x00007ffbb4d20000 - 0x00007ffbb4d4c000 	C:\Windows\System32\GDI32.dll
0x00007ffba2c20000 - 0x00007ffba2eba000 	C:\Windows\WinSxS\amd64_microsoft.windows.common-controls_6595b64144ccf1df_6.0.19041.3636_none_60b6a03d71f818d5\COMCTL32.dll
0x00007ffbb4bb0000 - 0x00007ffbb4c4e000 	C:\Windows\System32\msvcrt.dll
0x00007ffbb3fd0000 - 0x00007ffbb40ea000 	C:\Windows\System32\gdi32full.dll
0x00007ffbb3f30000 - 0x00007ffbb3fcd000 	C:\Windows\System32\msvcp_win.dll
0x00007ffbb52b0000 - 0x00007ffbb52e0000 	C:\Windows\System32\IMM32.DLL
0x00007ffbaf420000 - 0x00007ffbaf42c000 	C:\javaStudy\eclipse\plugins\org.eclipse.justj.openjdk.hotspot.jre.full.win32.x86_64_17.0.9.v20231028-0858\jre\bin\vcruntime140_1.dll
0x00007ffb8b4a0000 - 0x00007ffb8b52d000 	C:\javaStudy\eclipse\plugins\org.eclipse.justj.openjdk.hotspot.jre.full.win32.x86_64_17.0.9.v20231028-0858\jre\bin\msvcp140.dll
0x00007ffb638d0000 - 0x00007ffb64531000 	C:\javaStudy\eclipse\plugins\org.eclipse.justj.openjdk.hotspot.jre.full.win32.x86_64_17.0.9.v20231028-0858\jre\bin\server\jvm.dll
0x00007ffbb55d0000 - 0x00007ffbb5683000 	C:\Windows\System32\ADVAPI32.dll
0x00007ffbb46b0000 - 0x00007ffbb474f000 	C:\Windows\System32\sechost.dll
0x00007ffbb5770000 - 0x00007ffbb5896000 	C:\Windows\System32\RPCRT4.dll
0x00007ffbb38c0000 - 0x00007ffbb38e7000 	C:\Windows\System32\bcrypt.dll
0x00007ffbb2e50000 - 0x00007ffbb2e9b000 	C:\Windows\SYSTEM32\POWRPROF.dll
0x00007ffbaf370000 - 0x00007ffbaf379000 	C:\Windows\SYSTEM32\WSOCK32.dll
0x00007ffbb5240000 - 0x00007ffbb52ab000 	C:\Windows\System32\WS2_32.dll
0x00007ffbaeaf0000 - 0x00007ffbaeafa000 	C:\Windows\SYSTEM32\VERSION.dll
0x00007ffb9cad0000 - 0x00007ffb9caf7000 	C:\Windows\SYSTEM32\WINMM.dll
0x00007ffbb2cd0000 - 0x00007ffbb2ce2000 	C:\Windows\SYSTEM32\UMPDC.dll
0x00007ffbb1790000 - 0x00007ffbb17a2000 	C:\Windows\SYSTEM32\kernel.appcore.dll
0x00007ffb9aee0000 - 0x00007ffb9aeea000 	C:\javaStudy\eclipse\plugins\org.eclipse.justj.openjdk.hotspot.jre.full.win32.x86_64_17.0.9.v20231028-0858\jre\bin\jimage.dll
0x00007ffbadbb0000 - 0x00007ffbadd94000 	C:\Windows\SYSTEM32\DBGHELP.DLL
0x00007ffbad740000 - 0x00007ffbad774000 	C:\Windows\SYSTEM32\dbgcore.DLL
0x00007ffbb3c90000 - 0x00007ffbb3d12000 	C:\Windows\System32\bcryptPrimitives.dll
0x00007ffb947a0000 - 0x00007ffb947c5000 	C:\javaStudy\eclipse\plugins\org.eclipse.justj.openjdk.hotspot.jre.full.win32.x86_64_17.0.9.v20231028-0858\jre\bin\java.dll

dbghelp: loaded successfully - version: 4.0.5 - missing functions: none
symbol engine: initialized successfully - sym options: 0x614 - pdb path: .;C:\javaStudy\eclipse\plugins\org.eclipse.justj.openjdk.hotspot.jre.full.win32.x86_64_17.0.9.v20231028-0858\jre\bin;C:\Windows\SYSTEM32;C:\Windows\WinSxS\amd64_microsoft.windows.common-controls_6595b64144ccf1df_6.0.19041.3636_none_60b6a03d71f818d5;C:\javaStudy\eclipse\plugins\org.eclipse.justj.openjdk.hotspot.jre.full.win32.x86_64_17.0.9.v20231028-0858\jre\bin\server

VM Arguments:
jvm_args: -Dfile.encoding=UTF-8 -Dstdout.encoding=UTF-8 -Dstderr.encoding=UTF-8 --module-path=C:\javaStudy\workspace\miniproject01\bin -XX:+ShowCodeDetailsInExceptionMessages -Djdk.module.main=miniproject01 
java_command: miniproject01/miniproject01.PhoneApp
java_class_path (initial): <not set>
Launcher Type: SUN_STANDARD

[Global flags]
     intx CICompilerCount                          = 3                                         {product} {ergonomic}
     uint ConcGCThreads                            = 1                                         {product} {ergonomic}
     uint G1ConcRefinementThreads                  = 4                                         {product} {ergonomic}
   size_t G1HeapRegionSize                         = 1048576                                   {product} {ergonomic}
    uintx GCDrainStackTargetSize                   = 64                                        {product} {ergonomic}
   size_t InitialHeapSize                          = 134217728                                 {product} {ergonomic}
   size_t MarkStackSize                            = 4194304                                   {product} {ergonomic}
   size_t MaxHeapSize                              = 2136997888                                {product} {ergonomic}
   size_t MinHeapDeltaBytes                        = 1048576                                   {product} {ergonomic}
   size_t MinHeapSize                              = 8388608                                   {product} {ergonomic}
    uintx NonNMethodCodeHeapSize                   = 5832780                                {pd product} {ergonomic}
    uintx NonProfiledCodeHeapSize                  = 122912730                              {pd product} {ergonomic}
    uintx ProfiledCodeHeapSize                     = 122912730                              {pd product} {ergonomic}
    uintx ReservedCodeCacheSize                    = 251658240                              {pd product} {ergonomic}
     bool SegmentedCodeCache                       = true                                      {product} {ergonomic}
     bool ShowCodeDetailsInExceptionMessages       = true                                   {manageable} {command line}
   size_t SoftMaxHeapSize                          = 2136997888                             {manageable} {ergonomic}
     bool UseCompressedClassPointers               = true                           {product lp64_product} {ergonomic}
     bool UseCompressedOops                        = true                           {product lp64_product} {ergonomic}
     bool UseG1GC                                  = true                                      {product} {ergonomic}
     bool UseLargePagesIndividualAllocation        = false                                  {pd product} {ergonomic}

Logging:
Log output configuration:
 #0: stdout all=warning uptime,level,tags
 #1: stderr all=off uptime,level,tags

Environment Variables:
PATH=C:/javaStudy/eclipse//plugins/org.eclipse.justj.openjdk.hotspot.jre.full.win32.x86_64_17.0.9.v20231028-0858/jre/bin/server;C:/javaStudy/eclipse//plugins/org.eclipse.justj.openjdk.hotspot.jre.full.win32.x86_64_17.0.9.v20231028-0858/jre/bin;C:\Program Files\Java\jdk-17\bin;C:\Program Files\Common Files\Oracle\Java\javapath;C:\Windows\system32;C:\Windows;C:\Windows\System32\Wbem;C:\Windows\System32\WindowsPowerShell\v1.0\;C:\Windows\System32\OpenSSH\;C:\Program Files\Bandizip\;C:\Users\806-24\AppData\Local\Microsoft\WindowsApps;;C:\Users\806-24\AppData\Local\Programs\Microsoft VS Code\bin;C:\javaStudy\eclipse;
USERNAME=806-24
OS=Windows_NT
PROCESSOR_IDENTIFIER=Intel64 Family 6 Model 158 Stepping 9, GenuineIntel
TMP=C:\Users\806-24\AppData\Local\Temp
TEMP=C:\Users\806-24\AppData\Local\Temp



Periodic native trim disabled


---------------  S Y S T E M  ---------------

OS:
 Windows 10 , 64 bit Build 19041 (10.0.19041.3636)
OS uptime: 3 days 3:18 hours

CPU: total 4 (initial active 4) (4 cores per cpu, 1 threads per core) family 6 model 158 stepping 9 microcode 0xb4, cx8, cmov, fxsr, mmx, 3dnowpref, sse, sse2, sse3, ssse3, sse4.1, sse4.2, popcnt, lzcnt, tsc, tscinvbit, avx, avx2, aes, erms, clmul, bmi1, bmi2, rtm, adx, fma, vzeroupper, clflush, clflushopt
Processor Information for all 4 processors :
  Max Mhz: 3401, Current Mhz: 3401, Mhz Limit: 3401

Memory: 4k page, system-wide physical 8150M (2748M free)
TotalPageFile size 23338M (AvailPageFile size 18M)
current process WorkingSet (physical memory assigned to process): 10M, peak: 10M
current process commit charge ("private bytes"): 51M, peak: 179M

vm_info: OpenJDK 64-Bit Server VM (17.0.9+9) for windows-amd64 JRE (17.0.9+9), built on Oct 26 2023 14:01:42 by "admin" with MS VC++ 16.10 / 16.11 (VS2019)

END.
